#
# There is insufficient memory for the Java Runtime Environment to continue.
# Native memory allocation (malloc) failed to allocate 32744 bytes for ChunkPool::allocate
# Possible reasons:
#   The system is out of physical RAM or swap space
#   The process is running with CompressedOops enabled, and the Java Heap may be blocking the growth of the native heap
# Possible solutions:
#   Reduce memory load on the system
#   Increase physical memory or swap space
#   Check if swap backing store is full
#   Decrease Java heap size (-Xmx/-Xms)
#   Decrease number of Java threads
#   Decrease Java thread stack sizes (-Xss)
#   Set larger code cache with -XX:ReservedCodeCacheSize=
#   JVM is running with Zero Based Compressed Oops mode in which the Java heap is
#     placed in the first 32GB address space. The Java Heap base address is the
#     maximum limit for the native heap growth. Please use -XX:HeapBaseMinAddress
#     to set the Java Heap base and to place the Java Heap above 32GB virtual address.
# This output file may be truncated or incomplete.
#
#  Out of Memory Error (arena.cpp:78), pid=9428, tid=16600
#
# JRE version: OpenJDK Runtime Environment (17.0.2+8) (build 17.0.2+8-86)
# Java VM: OpenJDK 64-Bit Server VM (17.0.2+8-86, mixed mode, sharing, tiered, compressed oops, compressed class ptrs, g1 gc, windows-amd64)
# No core dump will be written. Minidumps are not enabled by default on client versions of Windows
#

---------------  S U M M A R Y ------------

Command Line: c:\Users\amirt_erk6tkl\.vscode\extensions\salesforce.salesforce-vscode-slds-2.0.12\lsp-2.0.12-executable.jar --PORT=49801

Host: 12th Gen Intel(R) Core(TM) i5-1235U, 12 cores, 15G,  Windows 11 , 64 bit Build 26100 (10.0.26100.5074)
Time: Wed Sep 17 20:15:22 2025 India Standard Time elapsed time: 5969.295106 seconds (0d 1h 39m 29s)

---------------  T H R E A D  ---------------

Current thread (0x000001a77f57a210):  JavaThread "C2 CompilerThread0" daemon [_thread_in_native, id=16600, stack(0x0000008c7f400000,0x0000008c7f500000)]


Current CompileTask:
C2:5969295 8068       4       com.salesforce.slds.shared.converters.colors.NamedColorType::process (31 bytes)

Stack: [0x0000008c7f400000,0x0000008c7f500000]
Native frames: (J=compiled Java code, j=interpreted, Vv=VM code, C=native code)
V  [jvm.dll+0x670baa]
V  [jvm.dll+0x7cfcb4]
V  [jvm.dll+0x7d145e]
V  [jvm.dll+0x7d1ac3]
V  [jvm.dll+0x242bc5]
V  [jvm.dll+0xaa7c0]
V  [jvm.dll+0xaab0c]
V  [jvm.dll+0x11ba28]
V  [jvm.dll+0x699f81]
V  [jvm.dll+0x1b9c34]
V  [jvm.dll+0x215de9]
V  [jvm.dll+0x2150b1]
V  [jvm.dll+0x1a1bbd]
V  [jvm.dll+0x224908]
V  [jvm.dll+0x222a6c]
V  [jvm.dll+0x7859bb]
V  [jvm.dll+0x77ff7a]
V  [jvm.dll+0x66fa35]
C  [ucrtbase.dll+0x37b0]
C  [KERNEL32.DLL+0x2e8d7]
C  [ntdll.dll+0x8d9c]


---------------  P R O C E S S  ---------------

Threads class SMR info:
_java_thread_list=0x000001a70a56a6b0, length=25, elements={
0x000001a77f55cd40, 0x000001a77f55d800, 0x000001a77f576bd0, 0x000001a77f577490,
0x000001a77f577d50, 0x000001a77f578610, 0x000001a77f57a210, 0x000001a77f57cbd0,
0x000001a708820090, 0x000001a70893afe0, 0x000001a708942500, 0x000001a708af64c0,
0x000001a70a326560, 0x000001a70a543f00, 0x000001a70a543090, 0x000001a70a3243b0,
0x000001a70a326090, 0x000001a70a326f00, 0x000001a70a325220, 0x000001a70a325bc0,
0x000001a70a323540, 0x000001a70a323ee0, 0x000001a70a5426f0, 0x000001a70a5448a0,
0x000001a70a541d50
}

Java Threads: ( => current thread )
  0x000001a77f55cd40 JavaThread "Reference Handler" daemon [_thread_blocked, id=1516, stack(0x0000008c7ee00000,0x0000008c7ef00000)]
  0x000001a77f55d800 JavaThread "Finalizer" daemon [_thread_blocked, id=26940, stack(0x0000008c7ef00000,0x0000008c7f000000)]
  0x000001a77f576bd0 JavaThread "Signal Dispatcher" daemon [_thread_blocked, id=17228, stack(0x0000008c7f000000,0x0000008c7f100000)]
  0x000001a77f577490 JavaThread "Attach Listener" daemon [_thread_blocked, id=23612, stack(0x0000008c7f100000,0x0000008c7f200000)]
  0x000001a77f577d50 JavaThread "Service Thread" daemon [_thread_blocked, id=20148, stack(0x0000008c7f200000,0x0000008c7f300000)]
  0x000001a77f578610 JavaThread "Monitor Deflation Thread" daemon [_thread_blocked, id=23712, stack(0x0000008c7f300000,0x0000008c7f400000)]
=>0x000001a77f57a210 JavaThread "C2 CompilerThread0" daemon [_thread_in_native, id=16600, stack(0x0000008c7f400000,0x0000008c7f500000)]
  0x000001a77f57cbd0 JavaThread "C1 CompilerThread0" daemon [_thread_blocked, id=11680, stack(0x0000008c7f500000,0x0000008c7f600000)]
  0x000001a708820090 JavaThread "Sweeper thread" daemon [_thread_blocked, id=25832, stack(0x0000008c7f600000,0x0000008c7f700000)]
  0x000001a70893afe0 JavaThread "Notification Thread" daemon [_thread_blocked, id=25828, stack(0x0000008c7f700000,0x0000008c7f800000)]
  0x000001a708942500 JavaThread "Common-Cleaner" daemon [_thread_blocked, id=22408, stack(0x0000008c7f900000,0x0000008c7fa00000)]
  0x000001a708af64c0 JavaThread "Cleaner-0" daemon [_thread_blocked, id=17776, stack(0x0000008c7fa00000,0x0000008c7fb00000)]
  0x000001a70a326560 JavaThread "pool-2-thread-1" [_thread_in_native, id=13992, stack(0x0000008c00800000,0x0000008c00900000)]
  0x000001a70a543f00 JavaThread "DestroyJavaVM" [_thread_blocked, id=5288, stack(0x0000008c7e700000,0x0000008c7e800000)]
  0x000001a70a543090 JavaThread "ForkJoinPool.commonPool-worker-63" daemon [_thread_blocked, id=16648, stack(0x0000008c00d00000,0x0000008c00e00000)]
  0x000001a70a3243b0 JavaThread "ForkJoinPool.commonPool-worker-69" daemon [_thread_blocked, id=14244, stack(0x0000008c01300000,0x0000008c01400000)]
  0x000001a70a326090 JavaThread "ForkJoinPool.commonPool-worker-70" daemon [_thread_blocked, id=16020, stack(0x0000008c00900000,0x0000008c00a00000)]
  0x000001a70a326f00 JavaThread "ForkJoinPool.commonPool-worker-71" daemon [_thread_blocked, id=15288, stack(0x0000008c00c00000,0x0000008c00d00000)]
  0x000001a70a325220 JavaThread "ForkJoinPool.commonPool-worker-72" daemon [_thread_blocked, id=5372, stack(0x0000008c00f00000,0x0000008c01000000)]
  0x000001a70a325bc0 JavaThread "ForkJoinPool.commonPool-worker-77" daemon [_thread_blocked, id=26072, stack(0x0000008c00a00000,0x0000008c00b00000)]
  0x000001a70a323540 JavaThread "ForkJoinPool.commonPool-worker-75" daemon [_thread_blocked, id=16532, stack(0x0000008c00b00000,0x0000008c00c00000)]
  0x000001a70a323ee0 JavaThread "ForkJoinPool.commonPool-worker-76" daemon [_thread_blocked, id=968, stack(0x0000008c00e00000,0x0000008c00f00000)]
  0x000001a70a5426f0 JavaThread "ForkJoinPool.commonPool-worker-78" daemon [_thread_blocked, id=17788, stack(0x0000008c01100000,0x0000008c01200000)]
  0x000001a70a5448a0 JavaThread "ForkJoinPool.commonPool-worker-73" daemon [_thread_blocked, id=6504, stack(0x0000008c01200000,0x0000008c01300000)]
  0x000001a70a541d50 JavaThread "ForkJoinPool.commonPool-worker-79" daemon [_thread_blocked, id=22428, stack(0x0000008c01000000,0x0000008c01100000)]

Other Threads:
  0x000001a77f558390 VMThread "VM Thread" [stack: 0x0000008c7ed00000,0x0000008c7ee00000] [id=11780]
  0x000001a7644359a0 WatcherThread [stack: 0x0000008c7f800000,0x0000008c7f900000] [id=22208]
  0x000001a764416350 GCTaskThread "GC Thread#0" [stack: 0x0000008c7e800000,0x0000008c7e900000] [id=10552]
  0x000001a709704e10 GCTaskThread "GC Thread#1" [stack: 0x0000008c7fd00000,0x0000008c7fe00000] [id=24292]
  0x000001a70996d130 GCTaskThread "GC Thread#2" [stack: 0x0000008c7fe00000,0x0000008c7ff00000] [id=1424]
  0x000001a7093ae3b0 GCTaskThread "GC Thread#3" [stack: 0x0000008c7ff00000,0x0000008c80000000] [id=12168]
  0x000001a7093ae660 GCTaskThread "GC Thread#4" [stack: 0x0000008c00000000,0x0000008c00100000] [id=19164]
  0x000001a7093ae910 GCTaskThread "GC Thread#5" [stack: 0x0000008c00100000,0x0000008c00200000] [id=25676]
  0x000001a70bc1c450 GCTaskThread "GC Thread#6" [stack: 0x0000008c00200000,0x0000008c00300000] [id=16468]
  0x000001a709916f60 GCTaskThread "GC Thread#7" [stack: 0x0000008c00300000,0x0000008c00400000] [id=26768]
  0x000001a70b61dad0 GCTaskThread "GC Thread#8" [stack: 0x0000008c00400000,0x0000008c00500000] [id=26928]
  0x000001a70b61d820 GCTaskThread "GC Thread#9" [stack: 0x0000008c00500000,0x0000008c00600000] [id=26676]
  0x000001a764426c70 ConcurrentGCThread "G1 Main Marker" [stack: 0x0000008c7e900000,0x0000008c7ea00000] [id=12116]
  0x000001a764427590 ConcurrentGCThread "G1 Conc#0" [stack: 0x0000008c7ea00000,0x0000008c7eb00000] [id=22264]
  0x000001a70b61e030 ConcurrentGCThread "G1 Conc#1" [stack: 0x0000008c00600000,0x0000008c00700000] [id=13712]
  0x000001a70b61eaf0 ConcurrentGCThread "G1 Conc#2" [stack: 0x0000008c00700000,0x0000008c00800000] [id=25388]
  0x000001a76448d570 ConcurrentGCThread "G1 Refine#0" [stack: 0x0000008c7eb00000,0x0000008c7ec00000] [id=16184]
  0x000001a76448dd40 ConcurrentGCThread "G1 Service" [stack: 0x0000008c7ec00000,0x0000008c7ed00000] [id=14876]

Threads with active compile tasks:
C2 CompilerThread0  5969314 8068       4       com.salesforce.slds.shared.converters.colors.NamedColorType::process (31 bytes)

VM state: not at safepoint (normal execution)

VM Mutex/Monitor currently owned by a thread: None

Heap address: 0x0000000705200000, size: 4014 MB, Compressed Oops mode: Zero based, Oop shift amount: 3

CDS archive(s) mapped at: [0x0000000800000000-0x0000000800bc0000-0x0000000800bc0000), size 12320768, SharedBaseAddress: 0x0000000800000000, ArchiveRelocationMode: 0.
Compressed class space mapped at: 0x0000000800c00000-0x0000000840c00000, reserved size: 1073741824
Narrow klass base: 0x0000000800000000, Narrow klass shift: 0, Narrow klass range: 0x100000000

GC Precious Log:
 CPUs: 12 total, 12 available
 Memory: 16052M
 Large Page Support: Disabled
 NUMA Support: Disabled
 Compressed Oops: Enabled (Zero based)
 Heap Region Size: 2M
 Heap Min Capacity: 8M
 Heap Initial Capacity: 252M
 Heap Max Capacity: 4014M
 Pre-touch: Disabled
 Parallel Workers: 10
 Concurrent Workers: 3
 Concurrent Refinement Workers: 10
 Periodic GC: Disabled

Heap:
 garbage-first heap   total 149504K, used 60401K [0x0000000705200000, 0x0000000800000000)
  region size 2048K, 23 young (47104K), 1 survivors (2048K)
 Metaspace       used 32262K, committed 32768K, reserved 1081344K
  class space    used 3905K, committed 4160K, reserved 1048576K

Heap Regions: E=young(eden), S=young(survivor), O=old, HS=humongous(starts), HC=humongous(continues), CS=collection set, F=free, OA=open archive, CA=closed archive, TAMS=top-at-mark-start (previous, next)
|   0|0x0000000705200000, 0x0000000705400000, 0x0000000705400000|100%| O|  |TAMS 0x0000000705200000, 0x0000000705200000| Untracked 
|   1|0x0000000705400000, 0x0000000705600000, 0x0000000705600000|100%| O|  |TAMS 0x0000000705400000, 0x0000000705400000| Untracked 
|   2|0x0000000705600000, 0x0000000705800000, 0x0000000705800000|100%| O|  |TAMS 0x0000000705600000, 0x0000000705600000| Untracked 
|   3|0x0000000705800000, 0x0000000705850c00, 0x0000000705a00000| 15%| O|  |TAMS 0x0000000705800000, 0x0000000705800000| Untracked 
|   4|0x0000000705a00000, 0x0000000705a00000, 0x0000000705c00000|  0%| F|  |TAMS 0x0000000705a00000, 0x0000000705a00000| Untracked 
|   5|0x0000000705c00000, 0x0000000705c00000, 0x0000000705e00000|  0%| F|  |TAMS 0x0000000705c00000, 0x0000000705c00000| Untracked 
|   6|0x0000000705e00000, 0x0000000706000000, 0x0000000706000000|100%| O|  |TAMS 0x0000000705e00000, 0x0000000705e00000| Untracked 
|   7|0x0000000706000000, 0x0000000706200000, 0x0000000706200000|100%| O|  |TAMS 0x0000000706000000, 0x0000000706000000| Untracked 
|   8|0x0000000706200000, 0x0000000706400000, 0x0000000706400000|100%| O|  |TAMS 0x0000000706200000, 0x0000000706200000| Untracked 
|   9|0x0000000706400000, 0x0000000706600000, 0x0000000706600000|100%| O|  |TAMS 0x0000000706400000, 0x0000000706400000| Untracked 
|  10|0x0000000706600000, 0x0000000706800000, 0x0000000706800000|100%| O|  |TAMS 0x0000000706600000, 0x0000000706600000| Untracked 
|  11|0x0000000706800000, 0x0000000706800000, 0x0000000706a00000|  0%| F|  |TAMS 0x0000000706800000, 0x0000000706800000| Untracked 
|  12|0x0000000706a00000, 0x0000000706a00000, 0x0000000706c00000|  0%| F|  |TAMS 0x0000000706a00000, 0x0000000706a00000| Untracked 
|  13|0x0000000706c00000, 0x0000000706c00000, 0x0000000706e00000|  0%| F|  |TAMS 0x0000000706c00000, 0x0000000706c00000| Untracked 
|  14|0x0000000706e00000, 0x0000000706e00000, 0x0000000707000000|  0%| F|  |TAMS 0x0000000706e00000, 0x0000000706e00000| Untracked 
|  15|0x0000000707000000, 0x0000000707000000, 0x0000000707200000|  0%| F|  |TAMS 0x0000000707000000, 0x0000000707000000| Untracked 
|  16|0x0000000707200000, 0x0000000707200000, 0x0000000707400000|  0%| F|  |TAMS 0x0000000707200000, 0x0000000707200000| Untracked 
|  17|0x0000000707400000, 0x0000000707400000, 0x0000000707600000|  0%| F|  |TAMS 0x0000000707400000, 0x0000000707400000| Untracked 
|  18|0x0000000707600000, 0x0000000707600000, 0x0000000707800000|  0%| F|  |TAMS 0x0000000707600000, 0x0000000707600000| Untracked 
|  19|0x0000000707800000, 0x0000000707800000, 0x0000000707a00000|  0%| F|  |TAMS 0x0000000707800000, 0x0000000707800000| Untracked 
|  20|0x0000000707a00000, 0x0000000707a00000, 0x0000000707c00000|  0%| F|  |TAMS 0x0000000707a00000, 0x0000000707a00000| Untracked 
|  21|0x0000000707c00000, 0x0000000707c00000, 0x0000000707e00000|  0%| F|  |TAMS 0x0000000707c00000, 0x0000000707c00000| Untracked 
|  22|0x0000000707e00000, 0x0000000707e00000, 0x0000000708000000|  0%| F|  |TAMS 0x0000000707e00000, 0x0000000707e00000| Untracked 
|  23|0x0000000708000000, 0x0000000708000000, 0x0000000708200000|  0%| F|  |TAMS 0x0000000708000000, 0x0000000708000000| Untracked 
|  24|0x0000000708200000, 0x0000000708200000, 0x0000000708400000|  0%| F|  |TAMS 0x0000000708200000, 0x0000000708200000| Untracked 
|  25|0x0000000708400000, 0x0000000708400000, 0x0000000708600000|  0%| F|  |TAMS 0x0000000708400000, 0x0000000708400000| Untracked 
|  26|0x0000000708600000, 0x0000000708600000, 0x0000000708800000|  0%| F|  |TAMS 0x0000000708600000, 0x0000000708600000| Untracked 
|  27|0x0000000708800000, 0x0000000708800000, 0x0000000708a00000|  0%| F|  |TAMS 0x0000000708800000, 0x0000000708800000| Untracked 
|  28|0x0000000708a00000, 0x0000000708a00000, 0x0000000708c00000|  0%| F|  |TAMS 0x0000000708a00000, 0x0000000708a00000| Untracked 
|  29|0x0000000708c00000, 0x0000000708c00000, 0x0000000708e00000|  0%| F|  |TAMS 0x0000000708c00000, 0x0000000708c00000| Untracked 
|  30|0x0000000708e00000, 0x0000000708eabb20, 0x0000000709000000| 33%| S|CS|TAMS 0x0000000708e00000, 0x0000000708e00000| Complete 
|  31|0x0000000709000000, 0x0000000709000000, 0x0000000709200000|  0%| F|  |TAMS 0x0000000709000000, 0x0000000709000000| Untracked 
|  32|0x0000000709200000, 0x0000000709200000, 0x0000000709400000|  0%| F|  |TAMS 0x0000000709200000, 0x0000000709200000| Untracked 
|  33|0x0000000709400000, 0x0000000709400000, 0x0000000709600000|  0%| F|  |TAMS 0x0000000709400000, 0x0000000709400000| Untracked 
|  34|0x0000000709600000, 0x0000000709600000, 0x0000000709800000|  0%| F|  |TAMS 0x0000000709600000, 0x0000000709600000| Untracked 
|  35|0x0000000709800000, 0x0000000709800000, 0x0000000709a00000|  0%| F|  |TAMS 0x0000000709800000, 0x0000000709800000| Untracked 
|  36|0x0000000709a00000, 0x0000000709a00000, 0x0000000709c00000|  0%| F|  |TAMS 0x0000000709a00000, 0x0000000709a00000| Untracked 
|  37|0x0000000709c00000, 0x0000000709c00000, 0x0000000709e00000|  0%| F|  |TAMS 0x0000000709c00000, 0x0000000709c00000| Untracked 
|  38|0x0000000709e00000, 0x0000000709e00000, 0x000000070a000000|  0%| F|  |TAMS 0x0000000709e00000, 0x0000000709e00000| Untracked 
|  39|0x000000070a000000, 0x000000070a000000, 0x000000070a200000|  0%| F|  |TAMS 0x000000070a000000, 0x000000070a000000| Untracked 
|  40|0x000000070a200000, 0x000000070a200000, 0x000000070a400000|  0%| F|  |TAMS 0x000000070a200000, 0x000000070a200000| Untracked 
|  41|0x000000070a400000, 0x000000070a400000, 0x000000070a600000|  0%| F|  |TAMS 0x000000070a400000, 0x000000070a400000| Untracked 
|  42|0x000000070a600000, 0x000000070a600000, 0x000000070a800000|  0%| F|  |TAMS 0x000000070a600000, 0x000000070a600000| Untracked 
|  43|0x000000070a800000, 0x000000070a800000, 0x000000070aa00000|  0%| F|  |TAMS 0x000000070a800000, 0x000000070a800000| Untracked 
|  44|0x000000070aa00000, 0x000000070aa00000, 0x000000070ac00000|  0%| F|  |TAMS 0x000000070aa00000, 0x000000070aa00000| Untracked 
|  45|0x000000070ac00000, 0x000000070ac00000, 0x000000070ae00000|  0%| F|  |TAMS 0x000000070ac00000, 0x000000070ac00000| Untracked 
|  46|0x000000070ae00000, 0x000000070ae00000, 0x000000070b000000|  0%| F|  |TAMS 0x000000070ae00000, 0x000000070ae00000| Untracked 
|  47|0x000000070b000000, 0x000000070b000000, 0x000000070b200000|  0%| F|  |TAMS 0x000000070b000000, 0x000000070b000000| Untracked 
|  48|0x000000070b200000, 0x000000070b200000, 0x000000070b400000|  0%| F|  |TAMS 0x000000070b200000, 0x000000070b200000| Untracked 
|  49|0x000000070b400000, 0x000000070b400000, 0x000000070b600000|  0%| F|  |TAMS 0x000000070b400000, 0x000000070b400000| Untracked 
|  50|0x000000070b600000, 0x000000070b600000, 0x000000070b800000|  0%| F|  |TAMS 0x000000070b600000, 0x000000070b600000| Untracked 
|  51|0x000000070b800000, 0x000000070b8fd4b8, 0x000000070ba00000| 49%| E|  |TAMS 0x000000070b800000, 0x000000070b800000| Complete 
|  52|0x000000070ba00000, 0x000000070bc00000, 0x000000070bc00000|100%| E|CS|TAMS 0x000000070ba00000, 0x000000070ba00000| Complete 
|  53|0x000000070bc00000, 0x000000070be00000, 0x000000070be00000|100%| E|CS|TAMS 0x000000070bc00000, 0x000000070bc00000| Complete 
|  54|0x000000070be00000, 0x000000070c000000, 0x000000070c000000|100%| E|CS|TAMS 0x000000070be00000, 0x000000070be00000| Complete 
|  55|0x000000070c000000, 0x000000070c200000, 0x000000070c200000|100%| E|CS|TAMS 0x000000070c000000, 0x000000070c000000| Complete 
|  56|0x000000070c200000, 0x000000070c400000, 0x000000070c400000|100%| E|CS|TAMS 0x000000070c200000, 0x000000070c200000| Complete 
|  57|0x000000070c400000, 0x000000070c600000, 0x000000070c600000|100%| E|CS|TAMS 0x000000070c400000, 0x000000070c400000| Complete 
|  58|0x000000070c600000, 0x000000070c800000, 0x000000070c800000|100%| E|CS|TAMS 0x000000070c600000, 0x000000070c600000| Complete 
|  59|0x000000070c800000, 0x000000070ca00000, 0x000000070ca00000|100%| E|CS|TAMS 0x000000070c800000, 0x000000070c800000| Complete 
|  60|0x000000070ca00000, 0x000000070cc00000, 0x000000070cc00000|100%| E|CS|TAMS 0x000000070ca00000, 0x000000070ca00000| Complete 
|  61|0x000000070cc00000, 0x000000070ce00000, 0x000000070ce00000|100%| E|CS|TAMS 0x000000070cc00000, 0x000000070cc00000| Complete 
|  62|0x000000070ce00000, 0x000000070d000000, 0x000000070d000000|100%| E|CS|TAMS 0x000000070ce00000, 0x000000070ce00000| Complete 
|  63|0x000000070d000000, 0x000000070d200000, 0x000000070d200000|100%| E|CS|TAMS 0x000000070d000000, 0x000000070d000000| Complete 
|  64|0x000000070d200000, 0x000000070d400000, 0x000000070d400000|100%| E|CS|TAMS 0x000000070d200000, 0x000000070d200000| Complete 
|  65|0x000000070d400000, 0x000000070d600000, 0x000000070d600000|100%| E|CS|TAMS 0x000000070d400000, 0x000000070d400000| Complete 
|  66|0x000000070d600000, 0x000000070d800000, 0x000000070d800000|100%| E|CS|TAMS 0x000000070d600000, 0x000000070d600000| Complete 
|  86|0x000000070fe00000, 0x0000000710000000, 0x0000000710000000|100%| E|CS|TAMS 0x000000070fe00000, 0x000000070fe00000| Complete 
|  87|0x0000000710000000, 0x0000000710200000, 0x0000000710200000|100%| E|CS|TAMS 0x0000000710000000, 0x0000000710000000| Complete 
|  88|0x0000000710200000, 0x0000000710400000, 0x0000000710400000|100%| E|CS|TAMS 0x0000000710200000, 0x0000000710200000| Complete 
|  89|0x0000000710400000, 0x0000000710600000, 0x0000000710600000|100%| E|CS|TAMS 0x0000000710400000, 0x0000000710400000| Complete 
|  90|0x0000000710600000, 0x0000000710800000, 0x0000000710800000|100%| E|CS|TAMS 0x0000000710600000, 0x0000000710600000| Complete 
|  91|0x0000000710800000, 0x0000000710a00000, 0x0000000710a00000|100%| E|CS|TAMS 0x0000000710800000, 0x0000000710800000| Complete 

Card table byte_map: [0x000001a77b930000,0x000001a77c110000] _byte_map_base: 0x000001a778107000

Marking Bits (Prev, Next): (CMBitMap*) 0x000001a7644168b0, (CMBitMap*) 0x000001a764416870
 Prev Bits: [0x000001a703ec0000, 0x000001a707d78000)
 Next Bits: [0x000001a700000000, 0x000001a703eb8000)

Polling page: 0x000001a7622f0000

Metaspace:

Usage:
  Non-class:     27.69 MB used.
      Class:      3.81 MB used.
       Both:     31.51 MB used.

Virtual space:
  Non-class space:       32.00 MB reserved,      27.94 MB ( 87%) committed,  4 nodes.
      Class space:        1.00 GB reserved,       4.06 MB ( <1%) committed,  1 nodes.
             Both:        1.03 GB reserved,      32.00 MB (  3%) committed. 

Chunk freelists:
   Non-Class:  48.00 KB
       Class:  3.99 MB
        Both:  4.04 MB

MaxMetaspaceSize: unlimited
CompressedClassSpaceSize: 1.00 GB
Initial GC threshold: 21.00 MB
Current GC threshold: 35.12 MB
CDS: on
MetaspaceReclaimPolicy: balanced
 - commit_granule_bytes: 65536.
 - commit_granule_words: 8192.
 - virtual_space_node_default_size: 1048576.
 - enlarge_chunks_in_place: 1.
 - new_chunks_are_fully_committed: 0.
 - uncommit_free_chunks: 1.
 - use_allocation_guard: 0.
 - handle_deallocations: 1.


Internal statistics:

num_allocs_failed_limit: 3.
num_arena_births: 634.
num_arena_deaths: 0.
num_vsnodes_births: 5.
num_vsnodes_deaths: 0.
num_space_committed: 512.
num_space_uncommitted: 0.
num_chunks_returned_to_freelist: 3.
num_chunks_taken_from_freelist: 1929.
num_chunk_merges: 3.
num_chunk_splits: 1266.
num_chunks_enlarged: 861.
num_purges: 0.
num_inconsistent_stats: 0.

CodeHeap 'non-profiled nmethods': size=120000Kb used=5300Kb max_used=5300Kb free=114699Kb
 bounds [0x000001a7736d0000, 0x000001a773c00000, 0x000001a77ac00000]
CodeHeap 'profiled nmethods': size=120000Kb used=11179Kb max_used=13884Kb free=108820Kb
 bounds [0x000001a76c1a0000, 0x000001a76cf40000, 0x000001a7736d0000]
CodeHeap 'non-nmethods': size=5760Kb used=1261Kb max_used=1331Kb free=4498Kb
 bounds [0x000001a76bc00000, 0x000001a76be70000, 0x000001a76c1a0000]
 total_blobs=6578 nmethods=6004 adapters=486
 compilation: enabled
              stopped_count=0, restarted_count=0
 full_count=0

Compilation events (20 events):
Event: 5965.572 Thread 0x000001a77f57a210 nmethod 8058 0x000001a773b32510 code [0x000001a773b32700, 0x000001a773b33160]
Event: 5965.572 Thread 0x000001a77f57a210 8059       4       java.util.ArrayList::sort (45 bytes)
Event: 5965.572 Thread 0x000001a77f57a210 nmethod 8059 0x000001a773847d10 code [0x000001a773847ea0, 0x000001a773847fe8]
Event: 5965.572 Thread 0x000001a77f57a210 8056       4       java.util.stream.FindOps$FindSink$OfRef$$Lambda$14/0x80000001d::get (8 bytes)
Event: 5965.573 Thread 0x000001a77f57a210 nmethod 8056 0x000001a773b49d10 code [0x000001a773b49ea0, 0x000001a773b49f78]
Event: 5965.970 Thread 0x000001a77f57a210 8060       4       java.nio.file.spi.FileSystemProvider::newInputStream (107 bytes)
Event: 5965.982 Thread 0x000001a77f57a210 nmethod 8060 0x000001a773b30a90 code [0x000001a773b30cc0, 0x000001a773b31be8]
Event: 5965.982 Thread 0x000001a77f57a210 8061   !   4       org.springframework.beans.TypeConverterDelegate::convertIfNecessary (956 bytes)
Event: 5966.019 Thread 0x000001a77f57a210 nmethod 8061 0x000001a773bfa190 code [0x000001a773bfa600, 0x000001a773bfd7e8]
Event: 5966.270 Thread 0x000001a77f57a210 8062       4       java.io.FileCleanable::register (49 bytes)
Event: 5966.271 Thread 0x000001a77f57a210 nmethod 8062 0x000001a773727b10 code [0x000001a773727ca0, 0x000001a773728028]
Event: 5966.271 Thread 0x000001a77f57a210 8063   !   4       sun.nio.fs.WindowsChannelFactory::open (457 bytes)
Event: 5966.304 Thread 0x000001a77f57a210 nmethod 8063 0x000001a773b2c090 code [0x000001a773b2c3c0, 0x000001a773b2f0d0]
Event: 5966.304 Thread 0x000001a77f57a210 8064       4       com.salesforce.omakase.broadcast.AbstractBroadcaster::chain (25 bytes)
Event: 5966.305 Thread 0x000001a77f57a210 nmethod 8064 0x000001a773989810 code [0x000001a7739899a0, 0x000001a773989c88]
Event: 5969.042 Thread 0x000001a77f57a210 8065       4       java.lang.System::lineSeparator (4 bytes)
Event: 5969.042 Thread 0x000001a77f57a210 nmethod 8065 0x000001a773989510 code [0x000001a773989680, 0x000001a7739896f8]
Event: 5969.042 Thread 0x000001a77f57a210 8066       4       java.lang.String::lastIndexOf (18 bytes)
Event: 5969.044 Thread 0x000001a77f57a210 nmethod 8066 0x000001a773b1aa10 code [0x000001a773b1aba0, 0x000001a773b1ae38]
Event: 5969.044 Thread 0x000001a77f57a210 8068       4       com.salesforce.slds.shared.converters.colors.NamedColorType::process (31 bytes)

GC Heap History (20 events):
Event: 5928.778 GC heap before
{Heap before GC invocations=35 (full 0):
 garbage-first heap   total 149504K, used 103339K [0x0000000705200000, 0x0000000800000000)
  region size 2048K, 43 young (88064K), 1 survivors (2048K)
 Metaspace       used 32197K, committed 32704K, reserved 1081344K
  class space    used 3904K, committed 4160K, reserved 1048576K
}
Event: 5928.780 GC heap after
{Heap after GC invocations=36 (full 0):
 garbage-first heap   total 149504K, used 17352K [0x0000000705200000, 0x0000000800000000)
  region size 2048K, 1 young (2048K), 1 survivors (2048K)
 Metaspace       used 32197K, committed 32704K, reserved 1081344K
  class space    used 3904K, committed 4160K, reserved 1048576K
}
Event: 5933.430 GC heap before
{Heap before GC invocations=36 (full 0):
 garbage-first heap   total 149504K, used 103368K [0x0000000705200000, 0x0000000800000000)
  region size 2048K, 43 young (88064K), 1 survivors (2048K)
 Metaspace       used 32210K, committed 32704K, reserved 1081344K
  class space    used 3904K, committed 4160K, reserved 1048576K
}
Event: 5933.431 GC heap after
{Heap after GC invocations=37 (full 0):
 garbage-first heap   total 149504K, used 17316K [0x0000000705200000, 0x0000000800000000)
  region size 2048K, 1 young (2048K), 1 survivors (2048K)
 Metaspace       used 32210K, committed 32704K, reserved 1081344K
  class space    used 3904K, committed 4160K, reserved 1048576K
}
Event: 5951.121 GC heap before
{Heap before GC invocations=37 (full 0):
 garbage-first heap   total 149504K, used 103332K [0x0000000705200000, 0x0000000800000000)
  region size 2048K, 43 young (88064K), 1 survivors (2048K)
 Metaspace       used 32218K, committed 32704K, reserved 1081344K
  class space    used 3904K, committed 4160K, reserved 1048576K
}
Event: 5951.122 GC heap after
{Heap after GC invocations=38 (full 0):
 garbage-first heap   total 149504K, used 17333K [0x0000000705200000, 0x0000000800000000)
  region size 2048K, 1 young (2048K), 1 survivors (2048K)
 Metaspace       used 32218K, committed 32704K, reserved 1081344K
  class space    used 3904K, committed 4160K, reserved 1048576K
}
Event: 5952.371 GC heap before
{Heap before GC invocations=38 (full 0):
 garbage-first heap   total 149504K, used 101301K [0x0000000705200000, 0x0000000800000000)
  region size 2048K, 43 young (88064K), 1 survivors (2048K)
 Metaspace       used 32221K, committed 32704K, reserved 1081344K
  class space    used 3904K, committed 4160K, reserved 1048576K
}
Event: 5952.372 GC heap after
{Heap after GC invocations=39 (full 0):
 garbage-first heap   total 149504K, used 17355K [0x0000000705200000, 0x0000000800000000)
  region size 2048K, 1 young (2048K), 1 survivors (2048K)
 Metaspace       used 32221K, committed 32704K, reserved 1081344K
  class space    used 3904K, committed 4160K, reserved 1048576K
}
Event: 5955.967 GC heap before
{Heap before GC invocations=39 (full 0):
 garbage-first heap   total 149504K, used 103371K [0x0000000705200000, 0x0000000800000000)
  region size 2048K, 43 young (88064K), 1 survivors (2048K)
 Metaspace       used 32224K, committed 32704K, reserved 1081344K
  class space    used 3904K, committed 4160K, reserved 1048576K
}
Event: 5955.968 GC heap after
{Heap after GC invocations=40 (full 0):
 garbage-first heap   total 149504K, used 17355K [0x0000000705200000, 0x0000000800000000)
  region size 2048K, 1 young (2048K), 1 survivors (2048K)
 Metaspace       used 32224K, committed 32704K, reserved 1081344K
  class space    used 3904K, committed 4160K, reserved 1048576K
}
Event: 5957.770 GC heap before
{Heap before GC invocations=40 (full 0):
 garbage-first heap   total 149504K, used 103371K [0x0000000705200000, 0x0000000800000000)
  region size 2048K, 43 young (88064K), 1 survivors (2048K)
 Metaspace       used 32226K, committed 32704K, reserved 1081344K
  class space    used 3904K, committed 4160K, reserved 1048576K
}
Event: 5957.771 GC heap after
{Heap after GC invocations=41 (full 0):
 garbage-first heap   total 149504K, used 17371K [0x0000000705200000, 0x0000000800000000)
  region size 2048K, 1 young (2048K), 1 survivors (2048K)
 Metaspace       used 32226K, committed 32704K, reserved 1081344K
  class space    used 3904K, committed 4160K, reserved 1048576K
}
Event: 5958.707 GC heap before
{Heap before GC invocations=41 (full 0):
 garbage-first heap   total 149504K, used 103387K [0x0000000705200000, 0x0000000800000000)
  region size 2048K, 43 young (88064K), 1 survivors (2048K)
 Metaspace       used 32244K, committed 32704K, reserved 1081344K
  class space    used 3904K, committed 4160K, reserved 1048576K
}
Event: 5958.708 GC heap after
{Heap after GC invocations=42 (full 0):
 garbage-first heap   total 149504K, used 17354K [0x0000000705200000, 0x0000000800000000)
  region size 2048K, 1 young (2048K), 1 survivors (2048K)
 Metaspace       used 32244K, committed 32704K, reserved 1081344K
  class space    used 3904K, committed 4160K, reserved 1048576K
}
Event: 5963.320 GC heap before
{Heap before GC invocations=42 (full 0):
 garbage-first heap   total 149504K, used 101322K [0x0000000705200000, 0x0000000800000000)
  region size 2048K, 43 young (88064K), 1 survivors (2048K)
 Metaspace       used 32246K, committed 32704K, reserved 1081344K
  class space    used 3904K, committed 4160K, reserved 1048576K
}
Event: 5963.321 GC heap after
{Heap after GC invocations=43 (full 0):
 garbage-first heap   total 149504K, used 17299K [0x0000000705200000, 0x0000000800000000)
  region size 2048K, 1 young (2048K), 1 survivors (2048K)
 Metaspace       used 32246K, committed 32704K, reserved 1081344K
  class space    used 3904K, committed 4160K, reserved 1048576K
}
Event: 5965.217 GC heap before
{Heap before GC invocations=43 (full 0):
 garbage-first heap   total 149504K, used 103315K [0x0000000705200000, 0x0000000800000000)
  region size 2048K, 43 young (88064K), 1 survivors (2048K)
 Metaspace       used 32262K, committed 32768K, reserved 1081344K
  class space    used 3905K, committed 4160K, reserved 1048576K
}
Event: 5965.218 GC heap after
{Heap after GC invocations=44 (full 0):
 garbage-first heap   total 149504K, used 17397K [0x0000000705200000, 0x0000000800000000)
  region size 2048K, 1 young (2048K), 1 survivors (2048K)
 Metaspace       used 32262K, committed 32768K, reserved 1081344K
  class space    used 3905K, committed 4160K, reserved 1048576K
}
Event: 5966.278 GC heap before
{Heap before GC invocations=44 (full 0):
 garbage-first heap   total 149504K, used 103413K [0x0000000705200000, 0x0000000800000000)
  region size 2048K, 43 young (88064K), 1 survivors (2048K)
 Metaspace       used 32262K, committed 32768K, reserved 1081344K
  class space    used 3905K, committed 4160K, reserved 1048576K
}
Event: 5966.279 GC heap after
{Heap after GC invocations=45 (full 0):
 garbage-first heap   total 149504K, used 17393K [0x0000000705200000, 0x0000000800000000)
  region size 2048K, 1 young (2048K), 1 survivors (2048K)
 Metaspace       used 32262K, committed 32768K, reserved 1081344K
  class space    used 3905K, committed 4160K, reserved 1048576K
}

Deoptimization events (20 events):
Event: 2282.815 Thread 0x000001a70a323ee0 DEOPT PACKING pc=0x000001a773b322bc sp=0x0000008c00cfe860
Event: 2282.815 Thread 0x000001a70a323ee0 DEOPT UNPACKING pc=0x000001a76bc523a3 sp=0x0000008c00cfe848 mode 2
Event: 2282.816 Thread 0x000001a70a325220 Uncommon trap: trap_request=0xffffffbe fr.pc=0x000001a773b322bc relative=0x00000000000066dc
Event: 2282.816 Thread 0x000001a70a325220 Uncommon trap: reason=profile_predicate action=maybe_recompile pc=0x000001a773b322bc method=com.salesforce.slds.shared.utils.ValueUtilities.generatePossibleValues(Ljava/lang/String;Lcom/salesforce/slds/shared/converters/State;)Ljava/util/Set; @ 115 c2
Event: 2282.816 Thread 0x000001a70a325220 DEOPT PACKING pc=0x000001a773b322bc sp=0x0000008c00dfec10
Event: 2282.816 Thread 0x000001a70a325220 DEOPT UNPACKING pc=0x000001a76bc523a3 sp=0x0000008c00dfebf8 mode 2
Event: 2747.977 Thread 0x000001a70a326560 Uncommon trap: trap_request=0xffffff45 fr.pc=0x000001a773b1dccc relative=0x0000000000002d8c
Event: 2747.977 Thread 0x000001a70a326560 Uncommon trap: reason=unstable_if action=reinterpret pc=0x000001a773b1dccc method=sun.nio.cs.StreamDecoder.implRead([CII)I @ 87 c2
Event: 2747.977 Thread 0x000001a70a326560 DEOPT PACKING pc=0x000001a773b1dccc sp=0x0000008c008fe2b0
Event: 2747.977 Thread 0x000001a70a326560 DEOPT UNPACKING pc=0x000001a76bc523a3 sp=0x0000008c008fe2f0 mode 2
Event: 4286.112 Thread 0x000001a70a326560 Uncommon trap: trap_request=0xffffff45 fr.pc=0x000001a7739bf384 relative=0x00000000000022c4
Event: 4286.112 Thread 0x000001a70a326560 Uncommon trap: reason=unstable_if action=reinterpret pc=0x000001a7739bf384 method=org.springframework.util.StringUtils.collectionToDelimitedString(Ljava/util/Collection;Ljava/lang/String;Ljava/lang/String;Ljava/lang/String;)Ljava/lang/String; @ 4 c2
Event: 4286.112 Thread 0x000001a70a326560 DEOPT PACKING pc=0x000001a7739bf384 sp=0x0000008c008fe640
Event: 4286.112 Thread 0x000001a70a326560 DEOPT UNPACKING pc=0x000001a76bc523a3 sp=0x0000008c008fe618 mode 2
Event: 4286.112 Thread 0x000001a70a326560 Uncommon trap: trap_request=0xffffff45 fr.pc=0x000001a773b4de18 relative=0x0000000000003c18
Event: 4286.112 Thread 0x000001a70a326560 Uncommon trap: reason=unstable_if action=reinterpret pc=0x000001a773b4de18 method=org.mozilla.javascript.TokenStream.getChar(Z)I @ 49 c2
Event: 4286.112 Thread 0x000001a70a326560 DEOPT PACKING pc=0x000001a773b4de18 sp=0x0000008c008fe410
Event: 4286.112 Thread 0x000001a70a326560 DEOPT UNPACKING pc=0x000001a76bc523a3 sp=0x0000008c008fe2f8 mode 2
Event: 5933.422 Thread 0x000001a70a326560 DEOPT PACKING pc=0x000001a76cef0325 sp=0x0000008c008fe660
Event: 5933.422 Thread 0x000001a70a326560 DEOPT UNPACKING pc=0x000001a76bc52b43 sp=0x0000008c008fdb40 mode 0

Classes unloaded (0 events):
No events

Classes redefined (0 events):
No events

Internal exceptions (20 events):
Event: 737.811 Thread 0x000001a70a326560 Exception <a 'java/lang/reflect/InvocationTargetException'{0x000000070ae1a9c0}> (0x000000070ae1a9c0) 
thrown [t:\workspace\open\src\hotspot\share\runtime\reflection.cpp, line 1121]
Event: 1152.428 Thread 0x000001a70a326560 Exception <a 'java/lang/reflect/InvocationTargetException'{0x000000070952afd0}> (0x000000070952afd0) 
thrown [t:\workspace\open\src\hotspot\share\runtime\reflection.cpp, line 1121]
Event: 1230.176 Thread 0x000001a70a326560 Exception <a 'java/lang/reflect/InvocationTargetException'{0x000000070cbe85b8}> (0x000000070cbe85b8) 
thrown [t:\workspace\open\src\hotspot\share\runtime\reflection.cpp, line 1121]
Event: 1232.034 Thread 0x000001a70a326560 Exception <a 'java/lang/reflect/InvocationTargetException'{0x000000070aeac218}> (0x000000070aeac218) 
thrown [t:\workspace\open\src\hotspot\share\runtime\reflection.cpp, line 1121]
Event: 1232.893 Thread 0x000001a70a326560 Exception <a 'java/lang/reflect/InvocationTargetException'{0x00000007094ec018}> (0x00000007094ec018) 
thrown [t:\workspace\open\src\hotspot\share\runtime\reflection.cpp, line 1121]
Event: 1233.822 Thread 0x000001a70a326560 Exception <a 'java/lang/reflect/InvocationTargetException'{0x000000070cbeb4f0}> (0x000000070cbeb4f0) 
thrown [t:\workspace\open\src\hotspot\share\runtime\reflection.cpp, line 1121]
Event: 1234.410 Thread 0x000001a70a326560 Exception <a 'java/lang/reflect/InvocationTargetException'{0x000000070ae60190}> (0x000000070ae60190) 
thrown [t:\workspace\open\src\hotspot\share\runtime\reflection.cpp, line 1121]
Event: 1234.946 Thread 0x000001a70a326560 Exception <a 'java/lang/reflect/InvocationTargetException'{0x00000007095702e8}> (0x00000007095702e8) 
thrown [t:\workspace\open\src\hotspot\share\runtime\reflection.cpp, line 1121]
Event: 1237.607 Thread 0x000001a70a326560 Exception <a 'java/lang/reflect/InvocationTargetException'{0x000000070c866d48}> (0x000000070c866d48) 
thrown [t:\workspace\open\src\hotspot\share\runtime\reflection.cpp, line 1121]
Event: 1240.299 Thread 0x000001a70a326560 Exception <a 'java/lang/reflect/InvocationTargetException'{0x000000070aeae6e8}> (0x000000070aeae6e8) 
thrown [t:\workspace\open\src\hotspot\share\runtime\reflection.cpp, line 1121]
Event: 1241.328 Thread 0x000001a70a326560 Exception <a 'java/lang/reflect/InvocationTargetException'{0x00000007094ed5c0}> (0x00000007094ed5c0) 
thrown [t:\workspace\open\src\hotspot\share\runtime\reflection.cpp, line 1121]
Event: 1335.179 Thread 0x000001a70a326560 Exception <a 'java/lang/reflect/InvocationTargetException'{0x000000070cba0788}> (0x000000070cba0788) 
thrown [t:\workspace\open\src\hotspot\share\runtime\reflection.cpp, line 1121]
Event: 1335.572 Thread 0x000001a70a326560 Exception <a 'java/lang/reflect/InvocationTargetException'{0x000000070ae1b588}> (0x000000070ae1b588) 
thrown [t:\workspace\open\src\hotspot\share\runtime\reflection.cpp, line 1121]
Event: 1336.609 Thread 0x000001a70a326560 Exception <a 'java/lang/reflect/InvocationTargetException'{0x0000000709457090}> (0x0000000709457090) 
thrown [t:\workspace\open\src\hotspot\share\runtime\reflection.cpp, line 1121]
Event: 1337.161 Thread 0x000001a70a326560 Exception <a 'java/lang/reflect/InvocationTargetException'{0x000000070cb331f8}> (0x000000070cb331f8) 
thrown [t:\workspace\open\src\hotspot\share\runtime\reflection.cpp, line 1121]
Event: 1337.556 Thread 0x000001a70a326560 Exception <a 'java/lang/reflect/InvocationTargetException'{0x000000070b173768}> (0x000000070b173768) 
thrown [t:\workspace\open\src\hotspot\share\runtime\reflection.cpp, line 1121]
Event: 1349.593 Thread 0x000001a70a326560 Exception <a 'java/lang/reflect/InvocationTargetException'{0x000000070ca6dc38}> (0x000000070ca6dc38) 
thrown [t:\workspace\open\src\hotspot\share\runtime\reflection.cpp, line 1121]
Event: 2615.612 Thread 0x000001a70a326560 Exception <a 'java/lang/reflect/InvocationTargetException'{0x000000070d3883c0}> (0x000000070d3883c0) 
thrown [t:\workspace\open\src\hotspot\share\runtime\reflection.cpp, line 1121]
Event: 2616.516 Thread 0x000001a70a326560 Exception <a 'java/lang/reflect/InvocationTargetException'{0x000000070b9da338}> (0x000000070b9da338) 
thrown [t:\workspace\open\src\hotspot\share\runtime\reflection.cpp, line 1121]
Event: 2748.046 Thread 0x000001a70a326560 Exception <a 'java/lang/reflect/InvocationTargetException'{0x0000000710439150}> (0x0000000710439150) 
thrown [t:\workspace\open\src\hotspot\share\runtime\reflection.cpp, line 1121]

VM Operations (20 events):
Event: 5957.766 Executing VM operation: HandshakeAllThreads
Event: 5957.766 Executing VM operation: HandshakeAllThreads done
Event: 5957.769 Executing VM operation: G1CollectForAllocation
Event: 5957.771 Executing VM operation: G1CollectForAllocation done
Event: 5958.123 Executing VM operation: HandshakeAllThreads
Event: 5958.123 Executing VM operation: HandshakeAllThreads done
Event: 5958.707 Executing VM operation: G1CollectForAllocation
Event: 5958.708 Executing VM operation: G1CollectForAllocation done
Event: 5961.722 Executing VM operation: Cleanup
Event: 5961.722 Executing VM operation: Cleanup done
Event: 5963.320 Executing VM operation: G1CollectForAllocation
Event: 5963.321 Executing VM operation: G1CollectForAllocation done
Event: 5964.335 Executing VM operation: Cleanup
Event: 5964.335 Executing VM operation: Cleanup done
Event: 5965.217 Executing VM operation: G1CollectForAllocation
Event: 5965.218 Executing VM operation: G1CollectForAllocation done
Event: 5966.222 Executing VM operation: Cleanup
Event: 5966.222 Executing VM operation: Cleanup done
Event: 5966.278 Executing VM operation: G1CollectForAllocation
Event: 5966.280 Executing VM operation: G1CollectForAllocation done

Events (20 events):
Event: 5965.230 loading class jdk/internal/reflect/GeneratedMethodAccessor36
Event: 5965.230 loading class jdk/internal/reflect/GeneratedMethodAccessor36 done
Event: 5965.230 loading class jdk/internal/reflect/GeneratedMethodAccessor36
Event: 5965.230 loading class jdk/internal/reflect/GeneratedMethodAccessor36 done
Event: 5965.568 loading class jdk/internal/reflect/GeneratedMethodAccessor36
Event: 5965.568 loading class jdk/internal/reflect/GeneratedMethodAccessor36 done
Event: 5965.568 loading class jdk/internal/reflect/GeneratedMethodAccessor36
Event: 5965.568 loading class jdk/internal/reflect/GeneratedMethodAccessor36 done
Event: 5965.984 loading class jdk/internal/reflect/GeneratedMethodAccessor36
Event: 5965.984 loading class jdk/internal/reflect/GeneratedMethodAccessor36 done
Event: 5965.984 loading class jdk/internal/reflect/GeneratedMethodAccessor36
Event: 5965.984 loading class jdk/internal/reflect/GeneratedMethodAccessor36 done
Event: 5966.288 loading class jdk/internal/reflect/GeneratedMethodAccessor36
Event: 5966.288 loading class jdk/internal/reflect/GeneratedMethodAccessor36 done
Event: 5966.288 loading class jdk/internal/reflect/GeneratedMethodAccessor36
Event: 5966.288 loading class jdk/internal/reflect/GeneratedMethodAccessor36 done
Event: 5969.053 loading class jdk/internal/reflect/GeneratedMethodAccessor36
Event: 5969.053 loading class jdk/internal/reflect/GeneratedMethodAccessor36 done
Event: 5969.053 loading class jdk/internal/reflect/GeneratedMethodAccessor36
Event: 5969.053 loading class jdk/internal/reflect/GeneratedMethodAccessor36 done


Dynamic libraries:
0x00007ff769530000 - 0x00007ff76953e000 	C:\Users\amirt_erk6tkl\scoop\apps\openjdk17\current\bin\java.exe
0x00007ffcd2400000 - 0x00007ffcd2669000 	C:\WINDOWS\SYSTEM32\ntdll.dll
0x00007ffcd0440000 - 0x00007ffcd0509000 	C:\WINDOWS\System32\KERNEL32.DLL
0x00007ffccfb30000 - 0x00007ffccff23000 	C:\WINDOWS\System32\KERNELBASE.dll
0x00007ffccf590000 - 0x00007ffccf6db000 	C:\WINDOWS\System32\ucrtbase.dll
0x00007ffc65530000 - 0x00007ffc6554a000 	C:\Users\amirt_erk6tkl\scoop\apps\openjdk17\current\bin\VCRUNTIME140.dll
0x00007ffc658e0000 - 0x00007ffc658f8000 	C:\Users\amirt_erk6tkl\scoop\apps\openjdk17\current\bin\jli.dll
0x00007ffcd0c60000 - 0x00007ffcd0e24000 	C:\WINDOWS\System32\USER32.dll
0x00007ffcab290000 - 0x00007ffcab523000 	C:\WINDOWS\WinSxS\amd64_microsoft.windows.common-controls_6595b64144ccf1df_6.0.26100.5074_none_3e0d6f78e32fd63f\COMCTL32.dll
0x00007ffccffe0000 - 0x00007ffcd0007000 	C:\WINDOWS\System32\win32u.dll
0x00007ffcd1280000 - 0x00007ffcd1329000 	C:\WINDOWS\System32\msvcrt.dll
0x00007ffcd01d0000 - 0x00007ffcd01fb000 	C:\WINDOWS\System32\GDI32.dll
0x00007ffcd00a0000 - 0x00007ffcd01cd000 	C:\WINDOWS\System32\gdi32full.dll
0x00007ffccff30000 - 0x00007ffccffd3000 	C:\WINDOWS\System32\msvcp_win.dll
0x00007ffcd1db0000 - 0x00007ffcd1ddf000 	C:\WINDOWS\System32\IMM32.DLL
0x00007ffcaacf0000 - 0x00007ffcaacfc000 	C:\Users\amirt_erk6tkl\scoop\apps\openjdk17\current\bin\vcruntime140_1.dll
0x00007ffc4f6c0000 - 0x00007ffc4f74d000 	C:\Users\amirt_erk6tkl\scoop\apps\openjdk17\current\bin\msvcp140.dll
0x00007ffbc8860000 - 0x00007ffbc9421000 	C:\Users\amirt_erk6tkl\scoop\apps\openjdk17\current\bin\server\jvm.dll
0x00007ffcd0590000 - 0x00007ffcd0644000 	C:\WINDOWS\System32\ADVAPI32.dll
0x00007ffcd1ef0000 - 0x00007ffcd1f96000 	C:\WINDOWS\System32\sechost.dll
0x00007ffcd0e30000 - 0x00007ffcd0f48000 	C:\WINDOWS\System32\RPCRT4.dll
0x00007ffcd03e0000 - 0x00007ffcd03e8000 	C:\WINDOWS\System32\PSAPI.DLL
0x00007ffcc75a0000 - 0x00007ffcc75d5000 	C:\WINDOWS\SYSTEM32\WINMM.dll
0x00007ffcbcaf0000 - 0x00007ffcbcafb000 	C:\WINDOWS\SYSTEM32\VERSION.dll
0x00007ffcabef0000 - 0x00007ffcabefa000 	C:\WINDOWS\SYSTEM32\WSOCK32.dll
0x00007ffcd2340000 - 0x00007ffcd23b4000 	C:\WINDOWS\System32\WS2_32.dll
0x00007ffcce2b0000 - 0x00007ffcce2cb000 	C:\WINDOWS\SYSTEM32\kernel.appcore.dll
0x00007ffca7e30000 - 0x00007ffca7e3a000 	C:\Users\amirt_erk6tkl\scoop\apps\openjdk17\current\bin\jimage.dll
0x00007ffcccf10000 - 0x00007ffccd152000 	C:\WINDOWS\SYSTEM32\DBGHELP.DLL
0x00007ffcd1fc0000 - 0x00007ffcd233b000 	C:\WINDOWS\System32\combase.dll
0x00007ffcd11a0000 - 0x00007ffcd1277000 	C:\WINDOWS\System32\OLEAUT32.dll
0x00007ffca9f80000 - 0x00007ffca9fbd000 	C:\WINDOWS\SYSTEM32\dbgcore.DLL
0x00007ffccf6e0000 - 0x00007ffccf779000 	C:\WINDOWS\System32\bcryptPrimitives.dll
0x00007ffc675f0000 - 0x00007ffc67615000 	C:\Users\amirt_erk6tkl\scoop\apps\openjdk17\current\bin\java.dll
0x00007ffc4efe0000 - 0x00007ffc4f0b6000 	C:\Users\amirt_erk6tkl\scoop\apps\openjdk17\current\bin\jsvml.dll
0x00007ffcd1440000 - 0x00007ffcd1b8d000 	C:\WINDOWS\System32\SHELL32.dll
0x00007ffccf9c0000 - 0x00007ffccfb2c000 	C:\WINDOWS\System32\wintypes.dll
0x00007ffccd1b0000 - 0x00007ffccda09000 	C:\WINDOWS\SYSTEM32\windows.storage.dll
0x00007ffcd1df0000 - 0x00007ffcd1ee0000 	C:\WINDOWS\System32\SHCORE.dll
0x00007ffcd0650000 - 0x00007ffcd06b2000 	C:\WINDOWS\System32\shlwapi.dll
0x00007ffccf4b0000 - 0x00007ffccf4d9000 	C:\WINDOWS\SYSTEM32\profapi.dll
0x00007ffc6b450000 - 0x00007ffc6b469000 	C:\Users\amirt_erk6tkl\scoop\apps\openjdk17\current\bin\net.dll
0x00007ffcc8a40000 - 0x00007ffcc8b5f000 	C:\WINDOWS\SYSTEM32\WINHTTP.dll
0x00007ffcce8f0000 - 0x00007ffcce95b000 	C:\WINDOWS\system32\mswsock.dll
0x00007ffc65e00000 - 0x00007ffc65e16000 	C:\Users\amirt_erk6tkl\scoop\apps\openjdk17\current\bin\nio.dll
0x00007ffc675d0000 - 0x00007ffc675e8000 	C:\Users\amirt_erk6tkl\scoop\apps\openjdk17\current\bin\zip.dll
0x00007ffc8b9c0000 - 0x00007ffc8b9d0000 	C:\Users\amirt_erk6tkl\scoop\apps\openjdk17\current\bin\verify.dll
0x00007ffccddd0000 - 0x00007ffccdef6000 	C:\WINDOWS\SYSTEM32\DNSAPI.dll
0x00007ffccdd40000 - 0x00007ffccdd74000 	C:\WINDOWS\SYSTEM32\IPHLPAPI.DLL
0x00007ffcd07c0000 - 0x00007ffcd07ca000 	C:\WINDOWS\System32\NSI.dll
0x00007ffcc7b00000 - 0x00007ffcc7b0b000 	C:\Windows\System32\rasadhlp.dll
0x00007ffcc9b00000 - 0x00007ffcc9b86000 	C:\WINDOWS\System32\fwpuclnt.dll
0x00007ffc89060000 - 0x00007ffc89069000 	C:\Users\amirt_erk6tkl\scoop\apps\openjdk17\current\bin\management.dll
0x00007ffc84380000 - 0x00007ffc8438b000 	C:\Users\amirt_erk6tkl\scoop\apps\openjdk17\current\bin\management_ext.dll

dbghelp: loaded successfully - version: 4.0.5 - missing functions: none
symbol engine: initialized successfully - sym options: 0x614 - pdb path: .;C:\Users\amirt_erk6tkl\scoop\apps\openjdk17\current\bin;C:\WINDOWS\SYSTEM32;C:\WINDOWS\WinSxS\amd64_microsoft.windows.common-controls_6595b64144ccf1df_6.0.26100.5074_none_3e0d6f78e32fd63f;C:\Users\amirt_erk6tkl\scoop\apps\openjdk17\current\bin\server

VM Arguments:
java_command: c:\Users\amirt_erk6tkl\.vscode\extensions\salesforce.salesforce-vscode-slds-2.0.12\lsp-2.0.12-executable.jar --PORT=49801
java_class_path (initial): c:\Users\amirt_erk6tkl\.vscode\extensions\salesforce.salesforce-vscode-slds-2.0.12\lsp-2.0.12-executable.jar
Launcher Type: SUN_STANDARD

[Global flags]
     intx CICompilerCount                          = 4                                         {product} {ergonomic}
     uint ConcGCThreads                            = 3                                         {product} {ergonomic}
     uint G1ConcRefinementThreads                  = 10                                        {product} {ergonomic}
   size_t G1HeapRegionSize                         = 2097152                                   {product} {ergonomic}
    uintx GCDrainStackTargetSize                   = 64                                        {product} {ergonomic}
   size_t InitialHeapSize                          = 264241152                                 {product} {ergonomic}
   size_t MarkStackSize                            = 4194304                                   {product} {ergonomic}
   size_t MaxHeapSize                              = 4208984064                                {product} {ergonomic}
   size_t MaxNewSize                               = 2524971008                                {product} {ergonomic}
   size_t MinHeapDeltaBytes                        = 2097152                                   {product} {ergonomic}
   size_t MinHeapSize                              = 8388608                                   {product} {ergonomic}
    uintx NonNMethodCodeHeapSize                   = 5839372                                {pd product} {ergonomic}
    uintx NonProfiledCodeHeapSize                  = 122909434                              {pd product} {ergonomic}
    uintx ProfiledCodeHeapSize                     = 122909434                              {pd product} {ergonomic}
    uintx ReservedCodeCacheSize                    = 251658240                              {pd product} {ergonomic}
     bool SegmentedCodeCache                       = true                                      {product} {ergonomic}
   size_t SoftMaxHeapSize                          = 4208984064                             {manageable} {ergonomic}
     bool UseCompressedClassPointers               = true                           {product lp64_product} {ergonomic}
     bool UseCompressedOops                        = true                           {product lp64_product} {ergonomic}
     bool UseG1GC                                  = true                                      {product} {ergonomic}
     bool UseLargePagesIndividualAllocation        = false                                  {pd product} {ergonomic}

Logging:
Log output configuration:
 #0: stdout all=warning uptime,level,tags
 #1: stderr all=off uptime,level,tags

Environment Variables:
JAVA_HOME=C:\Users\amirt_erk6tkl\scoop\apps\openjdk17\current
PATH=C:\Users\amirt_erk6tkl\Downloads\python-3.11.0-amd64.exe;C:\Program Files\Common Files\Oracle\Java\javapath;C:\Program Files (x86)\Common Files\Oracle\Java\java8path;C:\Program Files (x86)\Common Files\Oracle\Java\javapath;C:\oraclexe\app\oracle\product\11.2.0\server\bin;C:\windows\system32;C:\windows;C:\windows\System32\Wbem;C:\windows\System32\WindowsPowerShell\v1.0\;C:\windows\System32\OpenSSH\;C:\Program Files\HP\HP One Agent;C:\WINDOWS\system32;C:\WINDOWS;C:\WINDOWS\System32\Wbem;C:\WINDOWS\System32\WindowsPowerShell\v1.0\;C:\WINDOWS\System32\OpenSSH\;C:\Users\amirt_erk6tkl\Downloads\python-3.13.2-amd64.exe;C:\Program Files\dotnet\;C:\Users\amirt_erk6tkl\AppData\Local\Pub\Cache\bin;C:\Users\amirt_erk6tkl\Downloads\flutter_windows_3.29.2-stable\flutter\bin;C:\Program Files\Java\jdk-17\bin;C:\ProgramData\ComposerSetup\bin;C:\tools;C:\Program Files\nodejs\;C:\ProgramData\chocolatey\bin;C:\Users\amirt_erk6tkl\AppData\Roaming\npm;C:\Program Files\Git\cmd;C:\Program Files\PuTTY\;C:\Program Files (x86)\sf\bin;C:\Users\amirt_erk6tkl\AppData\Local\Programs\Python\Python311\Scripts\;C:\Users\amirt_erk6tkl\AppData\Local\Programs\Python\Python311\;C:\Users\amirt_erk6tkl\AppData\Local\Programs\Python\Python313\Scripts\;C:\Users\amirt_erk6tkl\AppData\Local\Programs\Python\Python313\;C:\Users\amirt_erk6tkl\AppData\Local\Programs\Microsoft VS Code\bin;C:\Users\amirt_erk6tkl\php-8.4.6;C:\Users\amirt_erk6tkl\AppData\Roaming\Composer\vendor\bin;D:\cursor\resources\app\bin
USERNAME=amirt_erk6tkl
OS=Windows_NT
PROCESSOR_IDENTIFIER=Intel64 Family 6 Model 154 Stepping 4, GenuineIntel



---------------  S Y S T E M  ---------------

OS:
 Windows 11 , 64 bit Build 26100 (10.0.26100.5074)
OS uptime: 0 days 6:54 hours
Hyper-V role detected

CPU: total 12 (initial active 12) (6 cores per cpu, 2 threads per core) family 6 model 154 stepping 4 microcode 0x42c, cx8, cmov, fxsr, ht, mmx, 3dnowpref, sse, sse2, sse3, ssse3, sse4.1, sse4.2, popcnt, lzcnt, tsc, tscinvbit, avx, avx2, aes, erms, clmul, bmi1, bmi2, adx, sha, fma, vzeroupper, clflush, clflushopt, clwb, hv

Memory: 4k page, system-wide physical 16052M (2148M free)
TotalPageFile size 21798M (AvailPageFile size 5M)
current process WorkingSet (physical memory assigned to process): 196M, peak: 286M
current process commit charge ("private bytes"): 335M, peak: 432M

vm_info: OpenJDK 64-Bit Server VM (17.0.2+8-86) for windows-amd64 JRE (17.0.2+8-86), built on Dec  7 2021 21:49:10 by "mach5one" with MS VC++ 16.8 / 16.9 (VS2019)

END.
